2024-12-29 12:47:20 [restartedMain] INFO  c.d.d.DemoBackendApplication - Starting DemoBackendApplication using Java 17.0.12 with PID 22764 (C:\Users\leeyu\OneDrive\바탕 화면\production\demo_backend started by Lee in C:\Users\leeyu\OneDrive\바탕 화면\포트폴리오\demo_spring_Vue\Ai-Diary-server)
2024-12-29 12:47:20 [restartedMain] INFO  c.d.d.DemoBackendApplication - No active profile set, falling back to 1 default profile: "default"
2024-12-29 12:47:20 [restartedMain] INFO  o.s.b.d.e.DevToolsPropertyDefaultsPostProcessor - Devtools property defaults active! Set 'spring.devtools.add-properties' to 'false' to disable
2024-12-29 12:47:20 [restartedMain] INFO  o.s.b.d.e.DevToolsPropertyDefaultsPostProcessor - For additional web related logging consider setting the 'logging.level.web' property to 'DEBUG'
2024-12-29 12:47:22 [restartedMain] DEBUG o.apache.ibatis.logging.LogFactory - Logging initialized using 'class org.apache.ibatis.logging.slf4j.Slf4jImpl' adapter.
2024-12-29 12:47:22 [restartedMain] DEBUG o.m.s.mapper.ClassPathMapperScanner - Identified candidate component class: file [C:\Users\leeyu\OneDrive\바탕 화면\production\demo_backend\com\domain\demo_backend\mapper\DiaryMapper.class]
2024-12-29 12:47:22 [restartedMain] DEBUG o.m.s.mapper.ClassPathMapperScanner - Identified candidate component class: file [C:\Users\leeyu\OneDrive\바탕 화면\production\demo_backend\com\domain\demo_backend\mapper\UserMapper.class]
2024-12-29 12:47:22 [restartedMain] DEBUG o.m.s.mapper.ClassPathMapperScanner - Creating MapperFactoryBean with name 'diaryMapper' and 'com.domain.demo_backend.mapper.DiaryMapper' mapperInterface
2024-12-29 12:47:22 [restartedMain] DEBUG o.m.s.mapper.ClassPathMapperScanner - Enabling autowire by type for MapperFactoryBean with name 'diaryMapper'.
2024-12-29 12:47:22 [restartedMain] DEBUG o.m.s.mapper.ClassPathMapperScanner - Creating MapperFactoryBean with name 'userMapper' and 'com.domain.demo_backend.mapper.UserMapper' mapperInterface
2024-12-29 12:47:22 [restartedMain] DEBUG o.m.s.mapper.ClassPathMapperScanner - Enabling autowire by type for MapperFactoryBean with name 'userMapper'.
2024-12-29 12:47:24 [restartedMain] INFO  o.s.b.w.e.tomcat.TomcatWebServer - Tomcat initialized with port(s): 8080 (http)
2024-12-29 12:47:24 [restartedMain] INFO  o.a.coyote.http11.Http11NioProtocol - Initializing ProtocolHandler ["http-nio-8080"]
2024-12-29 12:47:24 [restartedMain] INFO  o.a.catalina.core.StandardService - Starting service [Tomcat]
2024-12-29 12:47:24 [restartedMain] INFO  o.a.catalina.core.StandardEngine - Starting Servlet engine: [Apache Tomcat/10.1.13]
2024-12-29 12:47:24 [restartedMain] INFO  o.a.c.c.C.[Tomcat].[localhost].[/] - Initializing Spring embedded WebApplicationContext
2024-12-29 12:47:24 [restartedMain] INFO  o.s.b.w.s.c.ServletWebServerApplicationContext - Root WebApplicationContext: initialization completed in 4023 ms
2024-12-29 12:47:25 [restartedMain] DEBUG o.m.spring.SqlSessionFactoryBean - Parsed mapper file: 'file [C:\Users\leeyu\OneDrive\바탕 화면\production\demo_backend\mappers\DiaryMapper.xml]'
2024-12-29 12:47:25 [restartedMain] DEBUG o.m.spring.SqlSessionFactoryBean - Parsed mapper file: 'file [C:\Users\leeyu\OneDrive\바탕 화면\production\demo_backend\mappers\UserMapper.xml]'
2024-12-29 12:47:26 [restartedMain] INFO  o.s.s.web.DefaultSecurityFilterChain - Will secure any request with [org.springframework.security.web.session.DisableEncodeUrlFilter@8913031, org.springframework.security.web.context.request.async.WebAsyncManagerIntegrationFilter@6521035c, org.springframework.security.web.context.SecurityContextHolderFilter@4a4748c4, org.springframework.security.web.header.HeaderWriterFilter@34039d48, org.springframework.web.filter.CorsFilter@54e16b9b, org.springframework.security.web.authentication.logout.LogoutFilter@bab5120, com.domain.demo_backend.util.JwtAuthenticationFilter@16b9f412, org.springframework.security.web.authentication.UsernamePasswordAuthenticationFilter@109d92cd, org.springframework.security.web.savedrequest.RequestCacheAwareFilter@14a9d162, org.springframework.security.web.servletapi.SecurityContextHolderAwareRequestFilter@27b77819, org.springframework.security.web.authentication.AnonymousAuthenticationFilter@17a84e4c, org.springframework.security.web.access.ExceptionTranslationFilter@481678a1, org.springframework.security.web.access.intercept.AuthorizationFilter@7d3da23d]
2024-12-29 12:47:27 [restartedMain] INFO  o.s.b.d.a.OptionalLiveReloadServer - LiveReload server is running on port 35729
2024-12-29 12:47:27 [restartedMain] INFO  o.a.coyote.http11.Http11NioProtocol - Starting ProtocolHandler ["http-nio-8080"]
2024-12-29 12:47:27 [restartedMain] INFO  o.s.b.w.e.tomcat.TomcatWebServer - Tomcat started on port(s): 8080 (http) with context path ''
2024-12-29 12:47:27 [restartedMain] INFO  c.d.d.DemoBackendApplication - Started DemoBackendApplication in 8.741 seconds (process running for 15.891)
2024-12-29 12:49:51 [http-nio-8080-exec-1] INFO  o.a.c.c.C.[Tomcat].[localhost].[/] - Initializing Spring DispatcherServlet 'dispatcherServlet'
2024-12-29 12:49:51 [http-nio-8080-exec-1] INFO  o.s.web.servlet.DispatcherServlet - Initializing Servlet 'dispatcherServlet'
2024-12-29 12:49:51 [http-nio-8080-exec-1] INFO  o.s.web.servlet.DispatcherServlet - Completed initialization in 2 ms
2024-12-29 12:54:15 [restartedMain] INFO  c.d.d.DemoBackendApplication - Starting DemoBackendApplication using Java 17.0.12 with PID 19896 (C:\Users\leeyu\OneDrive\바탕 화면\production\demo_backend started by Lee in C:\Users\leeyu\OneDrive\바탕 화면\포트폴리오\demo_spring_Vue\Ai-Diary-server)
2024-12-29 12:54:15 [restartedMain] INFO  c.d.d.DemoBackendApplication - No active profile set, falling back to 1 default profile: "default"
2024-12-29 12:54:15 [restartedMain] INFO  o.s.b.d.e.DevToolsPropertyDefaultsPostProcessor - Devtools property defaults active! Set 'spring.devtools.add-properties' to 'false' to disable
2024-12-29 12:54:15 [restartedMain] INFO  o.s.b.d.e.DevToolsPropertyDefaultsPostProcessor - For additional web related logging consider setting the 'logging.level.web' property to 'DEBUG'
2024-12-29 12:54:17 [restartedMain] DEBUG o.apache.ibatis.logging.LogFactory - Logging initialized using 'class org.apache.ibatis.logging.slf4j.Slf4jImpl' adapter.
2024-12-29 12:54:17 [restartedMain] DEBUG o.m.s.mapper.ClassPathMapperScanner - Identified candidate component class: file [C:\Users\leeyu\OneDrive\바탕 화면\production\demo_backend\com\domain\demo_backend\mapper\DiaryMapper.class]
2024-12-29 12:54:17 [restartedMain] DEBUG o.m.s.mapper.ClassPathMapperScanner - Identified candidate component class: file [C:\Users\leeyu\OneDrive\바탕 화면\production\demo_backend\com\domain\demo_backend\mapper\UserMapper.class]
2024-12-29 12:54:17 [restartedMain] DEBUG o.m.s.mapper.ClassPathMapperScanner - Creating MapperFactoryBean with name 'diaryMapper' and 'com.domain.demo_backend.mapper.DiaryMapper' mapperInterface
2024-12-29 12:54:17 [restartedMain] DEBUG o.m.s.mapper.ClassPathMapperScanner - Enabling autowire by type for MapperFactoryBean with name 'diaryMapper'.
2024-12-29 12:54:17 [restartedMain] DEBUG o.m.s.mapper.ClassPathMapperScanner - Creating MapperFactoryBean with name 'userMapper' and 'com.domain.demo_backend.mapper.UserMapper' mapperInterface
2024-12-29 12:54:17 [restartedMain] DEBUG o.m.s.mapper.ClassPathMapperScanner - Enabling autowire by type for MapperFactoryBean with name 'userMapper'.
2024-12-29 12:54:18 [restartedMain] INFO  o.s.b.w.e.tomcat.TomcatWebServer - Tomcat initialized with port(s): 8080 (http)
2024-12-29 12:54:18 [restartedMain] INFO  o.a.coyote.http11.Http11NioProtocol - Initializing ProtocolHandler ["http-nio-8080"]
2024-12-29 12:54:18 [restartedMain] INFO  o.a.catalina.core.StandardService - Starting service [Tomcat]
2024-12-29 12:54:18 [restartedMain] INFO  o.a.catalina.core.StandardEngine - Starting Servlet engine: [Apache Tomcat/10.1.13]
2024-12-29 12:54:18 [restartedMain] INFO  o.a.c.c.C.[Tomcat].[localhost].[/] - Initializing Spring embedded WebApplicationContext
2024-12-29 12:54:18 [restartedMain] INFO  o.s.b.w.s.c.ServletWebServerApplicationContext - Root WebApplicationContext: initialization completed in 2634 ms
2024-12-29 12:54:18 [restartedMain] DEBUG o.m.spring.SqlSessionFactoryBean - Parsed mapper file: 'file [C:\Users\leeyu\OneDrive\바탕 화면\production\demo_backend\mappers\DiaryMapper.xml]'
2024-12-29 12:54:18 [restartedMain] DEBUG o.m.spring.SqlSessionFactoryBean - Parsed mapper file: 'file [C:\Users\leeyu\OneDrive\바탕 화면\production\demo_backend\mappers\UserMapper.xml]'
2024-12-29 12:54:19 [restartedMain] INFO  o.s.s.web.DefaultSecurityFilterChain - Will secure any request with [org.springframework.security.web.session.DisableEncodeUrlFilter@31ac2f43, org.springframework.security.web.context.request.async.WebAsyncManagerIntegrationFilter@3c5ac97b, org.springframework.security.web.context.SecurityContextHolderFilter@37eda8c3, org.springframework.security.web.header.HeaderWriterFilter@7efcd09b, org.springframework.web.filter.CorsFilter@583cc87d, org.springframework.security.web.authentication.logout.LogoutFilter@27652c9d, com.domain.demo_backend.util.JwtAuthenticationFilter@f342ea8, org.springframework.security.web.authentication.UsernamePasswordAuthenticationFilter@1026fca6, org.springframework.security.web.savedrequest.RequestCacheAwareFilter@7ac6a7d6, org.springframework.security.web.servletapi.SecurityContextHolderAwareRequestFilter@34f58a7b, org.springframework.security.web.authentication.AnonymousAuthenticationFilter@5f32de3a, org.springframework.security.web.access.ExceptionTranslationFilter@4afe5910, org.springframework.security.web.access.intercept.AuthorizationFilter@3bff623f]
2024-12-29 12:54:20 [restartedMain] INFO  o.s.b.d.a.OptionalLiveReloadServer - LiveReload server is running on port 35729
2024-12-29 12:54:20 [restartedMain] INFO  o.a.coyote.http11.Http11NioProtocol - Starting ProtocolHandler ["http-nio-8080"]
2024-12-29 12:54:20 [restartedMain] INFO  o.s.b.w.e.tomcat.TomcatWebServer - Tomcat started on port(s): 8080 (http) with context path ''
2024-12-29 12:54:20 [restartedMain] INFO  c.d.d.DemoBackendApplication - Started DemoBackendApplication in 6.361 seconds (process running for 8.302)
2024-12-29 12:59:16 [http-nio-8080-exec-1] INFO  o.a.c.c.C.[Tomcat].[localhost].[/] - Initializing Spring DispatcherServlet 'dispatcherServlet'
2024-12-29 12:59:16 [http-nio-8080-exec-1] INFO  o.s.web.servlet.DispatcherServlet - Initializing Servlet 'dispatcherServlet'
2024-12-29 12:59:16 [http-nio-8080-exec-1] INFO  o.s.web.servlet.DispatcherServlet - Completed initialization in 2 ms
2024-12-29 12:59:30 [http-nio-8080-exec-2] DEBUG o.s.jdbc.datasource.DataSourceUtils - Fetching JDBC Connection from DataSource
2024-12-29 12:59:30 [http-nio-8080-exec-2] INFO  com.zaxxer.hikari.HikariDataSource - HikariPool-1 - Starting...
2024-12-29 12:59:30 [http-nio-8080-exec-2] INFO  com.zaxxer.hikari.pool.HikariPool - HikariPool-1 - Added connection com.mysql.cj.jdbc.ConnectionImpl@2016f7a2
2024-12-29 12:59:30 [http-nio-8080-exec-2] INFO  com.zaxxer.hikari.HikariDataSource - HikariPool-1 - Start completed.
2024-12-29 12:59:40 [SpringApplicationShutdownHook] INFO  com.zaxxer.hikari.HikariDataSource - HikariPool-1 - Shutdown initiated...
2024-12-29 12:59:40 [SpringApplicationShutdownHook] INFO  com.zaxxer.hikari.HikariDataSource - HikariPool-1 - Shutdown completed.
2024-12-29 19:07:08 [restartedMain] INFO  c.d.d.DemoBackendApplication - Starting DemoBackendApplication using Java 17.0.12 with PID 12724 (C:\Users\leeyu\OneDrive\바탕 화면\production\demo_backend started by Lee in C:\Users\leeyu\OneDrive\바탕 화면\포트폴리오\demo_spring_Vue\Ai-Diary-server)
2024-12-29 19:07:08 [restartedMain] INFO  c.d.d.DemoBackendApplication - No active profile set, falling back to 1 default profile: "default"
2024-12-29 19:07:08 [restartedMain] INFO  o.s.b.d.e.DevToolsPropertyDefaultsPostProcessor - Devtools property defaults active! Set 'spring.devtools.add-properties' to 'false' to disable
2024-12-29 19:07:08 [restartedMain] INFO  o.s.b.d.e.DevToolsPropertyDefaultsPostProcessor - For additional web related logging consider setting the 'logging.level.web' property to 'DEBUG'
2024-12-29 19:07:12 [restartedMain] DEBUG o.apache.ibatis.logging.LogFactory - Logging initialized using 'class org.apache.ibatis.logging.slf4j.Slf4jImpl' adapter.
2024-12-29 19:07:12 [restartedMain] DEBUG o.m.s.mapper.ClassPathMapperScanner - Identified candidate component class: file [C:\Users\leeyu\OneDrive\바탕 화면\production\demo_backend\com\domain\demo_backend\mapper\DiaryMapper.class]
2024-12-29 19:07:12 [restartedMain] DEBUG o.m.s.mapper.ClassPathMapperScanner - Identified candidate component class: file [C:\Users\leeyu\OneDrive\바탕 화면\production\demo_backend\com\domain\demo_backend\mapper\UserMapper.class]
2024-12-29 19:07:12 [restartedMain] DEBUG o.m.s.mapper.ClassPathMapperScanner - Creating MapperFactoryBean with name 'diaryMapper' and 'com.domain.demo_backend.mapper.DiaryMapper' mapperInterface
2024-12-29 19:07:12 [restartedMain] DEBUG o.m.s.mapper.ClassPathMapperScanner - Enabling autowire by type for MapperFactoryBean with name 'diaryMapper'.
2024-12-29 19:07:12 [restartedMain] DEBUG o.m.s.mapper.ClassPathMapperScanner - Creating MapperFactoryBean with name 'userMapper' and 'com.domain.demo_backend.mapper.UserMapper' mapperInterface
2024-12-29 19:07:12 [restartedMain] DEBUG o.m.s.mapper.ClassPathMapperScanner - Enabling autowire by type for MapperFactoryBean with name 'userMapper'.
2024-12-29 19:07:14 [restartedMain] INFO  o.s.b.w.e.tomcat.TomcatWebServer - Tomcat initialized with port(s): 8080 (http)
2024-12-29 19:07:14 [restartedMain] INFO  o.a.coyote.http11.Http11NioProtocol - Initializing ProtocolHandler ["http-nio-8080"]
2024-12-29 19:07:14 [restartedMain] INFO  o.a.catalina.core.StandardService - Starting service [Tomcat]
2024-12-29 19:07:14 [restartedMain] INFO  o.a.catalina.core.StandardEngine - Starting Servlet engine: [Apache Tomcat/10.1.13]
2024-12-29 19:07:15 [restartedMain] INFO  o.a.c.c.C.[Tomcat].[localhost].[/] - Initializing Spring embedded WebApplicationContext
2024-12-29 19:07:15 [restartedMain] INFO  o.s.b.w.s.c.ServletWebServerApplicationContext - Root WebApplicationContext: initialization completed in 6550 ms
2024-12-29 19:07:17 [restartedMain] DEBUG o.m.spring.SqlSessionFactoryBean - Parsed mapper file: 'file [C:\Users\leeyu\OneDrive\바탕 화면\production\demo_backend\mappers\DiaryMapper.xml]'
2024-12-29 19:07:17 [restartedMain] DEBUG o.m.spring.SqlSessionFactoryBean - Parsed mapper file: 'file [C:\Users\leeyu\OneDrive\바탕 화면\production\demo_backend\mappers\UserMapper.xml]'
2024-12-29 19:07:20 [restartedMain] INFO  o.s.s.web.DefaultSecurityFilterChain - Will secure any request with [org.springframework.security.web.session.DisableEncodeUrlFilter@57939742, org.springframework.security.web.context.request.async.WebAsyncManagerIntegrationFilter@7de89374, org.springframework.security.web.context.SecurityContextHolderFilter@190a906a, org.springframework.security.web.header.HeaderWriterFilter@2f742619, org.springframework.web.filter.CorsFilter@650e849f, org.springframework.security.web.authentication.logout.LogoutFilter@56dcd028, com.domain.demo_backend.util.JwtAuthenticationFilter@25155604, org.springframework.security.web.authentication.UsernamePasswordAuthenticationFilter@7caf91da, org.springframework.security.web.savedrequest.RequestCacheAwareFilter@50863258, org.springframework.security.web.servletapi.SecurityContextHolderAwareRequestFilter@5e80fd50, org.springframework.security.web.authentication.AnonymousAuthenticationFilter@6e77ec63, org.springframework.security.web.access.ExceptionTranslationFilter@425fa728, org.springframework.security.web.access.intercept.AuthorizationFilter@5d193e88]
2024-12-29 19:07:21 [restartedMain] INFO  o.s.b.d.a.OptionalLiveReloadServer - LiveReload server is running on port 35729
2024-12-29 19:07:21 [restartedMain] INFO  o.a.coyote.http11.Http11NioProtocol - Starting ProtocolHandler ["http-nio-8080"]
2024-12-29 19:07:21 [restartedMain] INFO  o.s.b.w.e.tomcat.TomcatWebServer - Tomcat started on port(s): 8080 (http) with context path ''
2024-12-29 19:07:22 [restartedMain] INFO  c.d.d.DemoBackendApplication - Started DemoBackendApplication in 15.795 seconds (process running for 21.93)
2024-12-29 19:13:02 [http-nio-8080-exec-1] INFO  o.a.c.c.C.[Tomcat].[localhost].[/] - Initializing Spring DispatcherServlet 'dispatcherServlet'
2024-12-29 19:13:02 [http-nio-8080-exec-1] INFO  o.s.web.servlet.DispatcherServlet - Initializing Servlet 'dispatcherServlet'
2024-12-29 19:13:02 [http-nio-8080-exec-1] INFO  o.s.web.servlet.DispatcherServlet - Completed initialization in 3 ms
2024-12-29 19:13:09 [http-nio-8080-exec-2] DEBUG o.s.jdbc.datasource.DataSourceUtils - Fetching JDBC Connection from DataSource
2024-12-29 19:13:09 [http-nio-8080-exec-2] INFO  com.zaxxer.hikari.HikariDataSource - HikariPool-1 - Starting...
2024-12-29 19:13:09 [http-nio-8080-exec-2] INFO  com.zaxxer.hikari.pool.HikariPool - HikariPool-1 - Added connection com.mysql.cj.jdbc.ConnectionImpl@5afcf91d
2024-12-29 19:13:09 [http-nio-8080-exec-2] INFO  com.zaxxer.hikari.HikariDataSource - HikariPool-1 - Start completed.
2024-12-29 19:16:20 [HikariPool-1 housekeeper] WARN  com.zaxxer.hikari.pool.HikariPool - HikariPool-1 - Thread starvation or clock leap detected (housekeeper delta=51s255ms404µs200ns).
2024-12-29 19:28:04 [File Watcher] INFO  o.s.b.d.a.LocalDevToolsAutoConfiguration$RestartingClassPathChangeChangedEventListener - Restarting due to 1 class path change (0 additions, 0 deletions, 1 modification)
2024-12-29 19:28:04 [Thread-5] INFO  o.a.coyote.http11.Http11NioProtocol - Pausing ProtocolHandler ["http-nio-8080"]
2024-12-29 19:28:04 [Thread-5] INFO  o.a.catalina.core.StandardService - Stopping service [Tomcat]
2024-12-29 19:28:04 [Thread-5] INFO  o.a.c.c.C.[Tomcat].[localhost].[/] - Destroying Spring FrameworkServlet 'dispatcherServlet'
2024-12-29 19:28:04 [Thread-5] WARN  o.a.c.loader.WebappClassLoaderBase - The web application [ROOT] appears to have started a thread named [HikariPool-1 housekeeper] but has failed to stop it. This is very likely to create a memory leak. Stack trace of thread:
 java.base@17.0.12/jdk.internal.misc.Unsafe.park(Native Method)
 java.base@17.0.12/java.util.concurrent.locks.LockSupport.parkNanos(LockSupport.java:252)
 java.base@17.0.12/java.util.concurrent.locks.AbstractQueuedSynchronizer$ConditionObject.awaitNanos(AbstractQueuedSynchronizer.java:1672)
 java.base@17.0.12/java.util.concurrent.ScheduledThreadPoolExecutor$DelayedWorkQueue.take(ScheduledThreadPoolExecutor.java:1182)
 java.base@17.0.12/java.util.concurrent.ScheduledThreadPoolExecutor$DelayedWorkQueue.take(ScheduledThreadPoolExecutor.java:899)
 java.base@17.0.12/java.util.concurrent.ThreadPoolExecutor.getTask(ThreadPoolExecutor.java:1062)
 java.base@17.0.12/java.util.concurrent.ThreadPoolExecutor.runWorker(ThreadPoolExecutor.java:1122)
 java.base@17.0.12/java.util.concurrent.ThreadPoolExecutor$Worker.run(ThreadPoolExecutor.java:635)
 java.base@17.0.12/java.lang.Thread.run(Thread.java:842)
2024-12-29 19:28:04 [Thread-5] INFO  o.a.coyote.http11.Http11NioProtocol - Stopping ProtocolHandler ["http-nio-8080"]
2024-12-29 19:28:04 [Thread-5] INFO  o.a.coyote.http11.Http11NioProtocol - Destroying ProtocolHandler ["http-nio-8080"]
2024-12-29 19:28:04 [Thread-5] INFO  com.zaxxer.hikari.HikariDataSource - HikariPool-1 - Shutdown initiated...
2024-12-29 19:28:04 [Thread-5] INFO  com.zaxxer.hikari.HikariDataSource - HikariPool-1 - Shutdown completed.
2024-12-29 19:28:04 [restartedMain] INFO  c.d.d.DemoBackendApplication - Starting DemoBackendApplication using Java 17.0.12 with PID 12724 (C:\Users\leeyu\OneDrive\바탕 화면\production\demo_backend started by Lee in C:\Users\leeyu\OneDrive\바탕 화면\포트폴리오\demo_spring_Vue\Ai-Diary-server)
2024-12-29 19:28:04 [restartedMain] INFO  c.d.d.DemoBackendApplication - No active profile set, falling back to 1 default profile: "default"
2024-12-29 19:28:06 [restartedMain] DEBUG o.m.s.mapper.ClassPathMapperScanner - Identified candidate component class: file [C:\Users\leeyu\OneDrive\바탕 화면\production\demo_backend\com\domain\demo_backend\mapper\DiaryMapper.class]
2024-12-29 19:28:06 [restartedMain] DEBUG o.m.s.mapper.ClassPathMapperScanner - Identified candidate component class: file [C:\Users\leeyu\OneDrive\바탕 화면\production\demo_backend\com\domain\demo_backend\mapper\UserMapper.class]
2024-12-29 19:28:06 [restartedMain] DEBUG o.m.s.mapper.ClassPathMapperScanner - Creating MapperFactoryBean with name 'diaryMapper' and 'com.domain.demo_backend.mapper.DiaryMapper' mapperInterface
2024-12-29 19:28:06 [restartedMain] DEBUG o.m.s.mapper.ClassPathMapperScanner - Enabling autowire by type for MapperFactoryBean with name 'diaryMapper'.
2024-12-29 19:28:06 [restartedMain] DEBUG o.m.s.mapper.ClassPathMapperScanner - Creating MapperFactoryBean with name 'userMapper' and 'com.domain.demo_backend.mapper.UserMapper' mapperInterface
2024-12-29 19:28:06 [restartedMain] DEBUG o.m.s.mapper.ClassPathMapperScanner - Enabling autowire by type for MapperFactoryBean with name 'userMapper'.
2024-12-29 19:28:06 [restartedMain] INFO  o.s.b.w.e.tomcat.TomcatWebServer - Tomcat initialized with port(s): 8080 (http)
2024-12-29 19:28:06 [restartedMain] INFO  o.a.coyote.http11.Http11NioProtocol - Initializing ProtocolHandler ["http-nio-8080"]
2024-12-29 19:28:06 [restartedMain] INFO  o.a.catalina.core.StandardService - Starting service [Tomcat]
2024-12-29 19:28:06 [restartedMain] INFO  o.a.catalina.core.StandardEngine - Starting Servlet engine: [Apache Tomcat/10.1.13]
2024-12-29 19:28:06 [restartedMain] INFO  o.a.c.c.C.[Tomcat].[localhost].[/] - Initializing Spring embedded WebApplicationContext
2024-12-29 19:28:06 [restartedMain] INFO  o.s.b.w.s.c.ServletWebServerApplicationContext - Root WebApplicationContext: initialization completed in 1799 ms
2024-12-29 19:28:06 [restartedMain] DEBUG o.m.spring.SqlSessionFactoryBean - Parsed mapper file: 'file [C:\Users\leeyu\OneDrive\바탕 화면\production\demo_backend\mappers\DiaryMapper.xml]'
2024-12-29 19:28:06 [restartedMain] DEBUG o.m.spring.SqlSessionFactoryBean - Parsed mapper file: 'file [C:\Users\leeyu\OneDrive\바탕 화면\production\demo_backend\mappers\UserMapper.xml]'
2024-12-29 19:28:07 [restartedMain] INFO  o.s.s.web.DefaultSecurityFilterChain - Will secure any request with [org.springframework.security.web.session.DisableEncodeUrlFilter@20112ad, org.springframework.security.web.context.request.async.WebAsyncManagerIntegrationFilter@61e7d752, org.springframework.security.web.context.SecurityContextHolderFilter@39922677, org.springframework.security.web.header.HeaderWriterFilter@4a79cf28, org.springframework.web.filter.CorsFilter@18f2305a, org.springframework.security.web.authentication.logout.LogoutFilter@5afbb5e9, com.domain.demo_backend.util.JwtAuthenticationFilter@266c649f, org.springframework.security.web.authentication.UsernamePasswordAuthenticationFilter@7699073c, org.springframework.security.web.savedrequest.RequestCacheAwareFilter@72f6f953, org.springframework.security.web.servletapi.SecurityContextHolderAwareRequestFilter@330f5be5, org.springframework.security.web.authentication.AnonymousAuthenticationFilter@2c729e85, org.springframework.security.web.access.ExceptionTranslationFilter@3e1ff4fc, org.springframework.security.web.access.intercept.AuthorizationFilter@75118fa3]
2024-12-29 19:28:07 [restartedMain] INFO  o.s.b.d.a.OptionalLiveReloadServer - LiveReload server is running on port 35729
2024-12-29 19:28:07 [restartedMain] INFO  o.a.coyote.http11.Http11NioProtocol - Starting ProtocolHandler ["http-nio-8080"]
2024-12-29 19:28:07 [restartedMain] INFO  o.s.b.w.e.tomcat.TomcatWebServer - Tomcat started on port(s): 8080 (http) with context path ''
2024-12-29 19:28:07 [restartedMain] INFO  c.d.d.DemoBackendApplication - Started DemoBackendApplication in 3.061 seconds (process running for 1267.196)
2024-12-29 19:28:07 [restartedMain] INFO  o.s.b.d.a.ConditionEvaluationDeltaLoggingListener - Condition evaluation unchanged
2024-12-29 19:28:49 [File Watcher] INFO  o.s.b.d.a.LocalDevToolsAutoConfiguration$RestartingClassPathChangeChangedEventListener - Restarting due to 1 class path change (0 additions, 0 deletions, 1 modification)
2024-12-29 19:28:49 [Thread-7] INFO  o.a.coyote.http11.Http11NioProtocol - Pausing ProtocolHandler ["http-nio-8080"]
2024-12-29 19:28:49 [Thread-7] INFO  o.a.catalina.core.StandardService - Stopping service [Tomcat]
2024-12-29 19:28:49 [Thread-7] INFO  o.a.coyote.http11.Http11NioProtocol - Stopping ProtocolHandler ["http-nio-8080"]
2024-12-29 19:28:49 [Thread-7] INFO  o.a.coyote.http11.Http11NioProtocol - Destroying ProtocolHandler ["http-nio-8080"]
2024-12-29 19:28:49 [restartedMain] INFO  c.d.d.DemoBackendApplication - Starting DemoBackendApplication using Java 17.0.12 with PID 12724 (C:\Users\leeyu\OneDrive\바탕 화면\production\demo_backend started by Lee in C:\Users\leeyu\OneDrive\바탕 화면\포트폴리오\demo_spring_Vue\Ai-Diary-server)
2024-12-29 19:28:49 [restartedMain] INFO  c.d.d.DemoBackendApplication - No active profile set, falling back to 1 default profile: "default"
2024-12-29 19:28:50 [restartedMain] DEBUG o.m.s.mapper.ClassPathMapperScanner - Identified candidate component class: file [C:\Users\leeyu\OneDrive\바탕 화면\production\demo_backend\com\domain\demo_backend\mapper\DiaryMapper.class]
2024-12-29 19:28:50 [restartedMain] DEBUG o.m.s.mapper.ClassPathMapperScanner - Identified candidate component class: file [C:\Users\leeyu\OneDrive\바탕 화면\production\demo_backend\com\domain\demo_backend\mapper\UserMapper.class]
2024-12-29 19:28:50 [restartedMain] DEBUG o.m.s.mapper.ClassPathMapperScanner - Creating MapperFactoryBean with name 'diaryMapper' and 'com.domain.demo_backend.mapper.DiaryMapper' mapperInterface
2024-12-29 19:28:50 [restartedMain] DEBUG o.m.s.mapper.ClassPathMapperScanner - Enabling autowire by type for MapperFactoryBean with name 'diaryMapper'.
2024-12-29 19:28:50 [restartedMain] DEBUG o.m.s.mapper.ClassPathMapperScanner - Creating MapperFactoryBean with name 'userMapper' and 'com.domain.demo_backend.mapper.UserMapper' mapperInterface
2024-12-29 19:28:50 [restartedMain] DEBUG o.m.s.mapper.ClassPathMapperScanner - Enabling autowire by type for MapperFactoryBean with name 'userMapper'.
2024-12-29 19:28:51 [restartedMain] INFO  o.s.b.w.e.tomcat.TomcatWebServer - Tomcat initialized with port(s): 8080 (http)
2024-12-29 19:28:51 [restartedMain] INFO  o.a.coyote.http11.Http11NioProtocol - Initializing ProtocolHandler ["http-nio-8080"]
2024-12-29 19:28:51 [restartedMain] INFO  o.a.catalina.core.StandardService - Starting service [Tomcat]
2024-12-29 19:28:51 [restartedMain] INFO  o.a.catalina.core.StandardEngine - Starting Servlet engine: [Apache Tomcat/10.1.13]
2024-12-29 19:28:51 [restartedMain] INFO  o.a.c.c.C.[Tomcat].[localhost].[/] - Initializing Spring embedded WebApplicationContext
2024-12-29 19:28:51 [restartedMain] INFO  o.s.b.w.s.c.ServletWebServerApplicationContext - Root WebApplicationContext: initialization completed in 1178 ms
2024-12-29 19:28:51 [restartedMain] DEBUG o.m.spring.SqlSessionFactoryBean - Parsed mapper file: 'file [C:\Users\leeyu\OneDrive\바탕 화면\production\demo_backend\mappers\DiaryMapper.xml]'
2024-12-29 19:28:51 [restartedMain] DEBUG o.m.spring.SqlSessionFactoryBean - Parsed mapper file: 'file [C:\Users\leeyu\OneDrive\바탕 화면\production\demo_backend\mappers\UserMapper.xml]'
2024-12-29 19:28:51 [restartedMain] INFO  o.s.s.web.DefaultSecurityFilterChain - Will secure any request with [org.springframework.security.web.session.DisableEncodeUrlFilter@6dce8c1, org.springframework.security.web.context.request.async.WebAsyncManagerIntegrationFilter@168b9ece, org.springframework.security.web.context.SecurityContextHolderFilter@1147c1ad, org.springframework.security.web.header.HeaderWriterFilter@63734026, org.springframework.web.filter.CorsFilter@70d1449, org.springframework.security.web.authentication.logout.LogoutFilter@401d7277, com.domain.demo_backend.util.JwtAuthenticationFilter@1bde97e3, org.springframework.security.web.authentication.UsernamePasswordAuthenticationFilter@43ebf487, org.springframework.security.web.savedrequest.RequestCacheAwareFilter@2b639830, org.springframework.security.web.servletapi.SecurityContextHolderAwareRequestFilter@216638dd, org.springframework.security.web.authentication.AnonymousAuthenticationFilter@7aa5feb9, org.springframework.security.web.access.ExceptionTranslationFilter@7d9ef22b, org.springframework.security.web.access.intercept.AuthorizationFilter@7b2d5749]
2024-12-29 19:28:52 [restartedMain] INFO  o.s.b.d.a.OptionalLiveReloadServer - LiveReload server is running on port 35729
2024-12-29 19:28:52 [restartedMain] INFO  o.a.coyote.http11.Http11NioProtocol - Starting ProtocolHandler ["http-nio-8080"]
2024-12-29 19:28:52 [restartedMain] INFO  o.s.b.w.e.tomcat.TomcatWebServer - Tomcat started on port(s): 8080 (http) with context path ''
2024-12-29 19:28:52 [restartedMain] INFO  c.d.d.DemoBackendApplication - Started DemoBackendApplication in 2.226 seconds (process running for 1311.701)
2024-12-29 19:28:52 [restartedMain] INFO  o.s.b.d.a.ConditionEvaluationDeltaLoggingListener - Condition evaluation unchanged
2024-12-29 19:30:07 [File Watcher] INFO  o.s.b.d.a.LocalDevToolsAutoConfiguration$RestartingClassPathChangeChangedEventListener - Restarting due to 1 class path change (0 additions, 1 deletion, 0 modifications)
2024-12-29 19:30:07 [Thread-11] INFO  o.a.coyote.http11.Http11NioProtocol - Pausing ProtocolHandler ["http-nio-8080"]
2024-12-29 19:30:07 [Thread-11] INFO  o.a.catalina.core.StandardService - Stopping service [Tomcat]
2024-12-29 19:30:07 [Thread-11] INFO  o.a.coyote.http11.Http11NioProtocol - Stopping ProtocolHandler ["http-nio-8080"]
2024-12-29 19:30:07 [Thread-11] INFO  o.a.coyote.http11.Http11NioProtocol - Destroying ProtocolHandler ["http-nio-8080"]
2024-12-29 19:30:08 [restartedMain] INFO  c.d.d.DemoBackendApplication - Starting DemoBackendApplication using Java 17.0.12 with PID 12724 (C:\Users\leeyu\OneDrive\바탕 화면\production\demo_backend started by Lee in C:\Users\leeyu\OneDrive\바탕 화면\포트폴리오\demo_spring_Vue\Ai-Diary-server)
2024-12-29 19:30:08 [restartedMain] INFO  c.d.d.DemoBackendApplication - No active profile set, falling back to 1 default profile: "default"
2024-12-29 19:30:08 [restartedMain] DEBUG o.m.s.mapper.ClassPathMapperScanner - Identified candidate component class: file [C:\Users\leeyu\OneDrive\바탕 화면\production\demo_backend\com\domain\demo_backend\mapper\DiaryMapper.class]
2024-12-29 19:30:08 [restartedMain] DEBUG o.m.s.mapper.ClassPathMapperScanner - Creating MapperFactoryBean with name 'diaryMapper' and 'com.domain.demo_backend.mapper.DiaryMapper' mapperInterface
2024-12-29 19:30:08 [restartedMain] DEBUG o.m.s.mapper.ClassPathMapperScanner - Enabling autowire by type for MapperFactoryBean with name 'diaryMapper'.
2024-12-29 19:30:08 [restartedMain] INFO  o.s.b.w.e.tomcat.TomcatWebServer - Tomcat initialized with port(s): 8080 (http)
2024-12-29 19:30:08 [restartedMain] INFO  o.a.coyote.http11.Http11NioProtocol - Initializing ProtocolHandler ["http-nio-8080"]
2024-12-29 19:30:08 [restartedMain] INFO  o.a.catalina.core.StandardService - Starting service [Tomcat]
2024-12-29 19:30:08 [restartedMain] INFO  o.a.catalina.core.StandardEngine - Starting Servlet engine: [Apache Tomcat/10.1.13]
2024-12-29 19:30:09 [restartedMain] INFO  o.a.c.c.C.[Tomcat].[localhost].[/] - Initializing Spring embedded WebApplicationContext
2024-12-29 19:30:09 [restartedMain] INFO  o.s.b.w.s.c.ServletWebServerApplicationContext - Root WebApplicationContext: initialization completed in 978 ms
2024-12-29 19:30:09 [restartedMain] WARN  o.s.b.w.s.c.AnnotationConfigServletWebServerApplicationContext - Exception encountered during context initialization - cancelling refresh attempt: org.springframework.beans.factory.BeanCreationException: Error creating bean with name 'customUserDetailsService': Resolution of declared constructors on bean Class [com.domain.demo_backend.config.CustomUserDetailsService] from ClassLoader [org.springframework.boot.devtools.restart.classloader.RestartClassLoader@3f165ad7] failed
2024-12-29 19:30:09 [restartedMain] INFO  o.a.catalina.core.StandardService - Stopping service [Tomcat]
2024-12-29 19:30:09 [restartedMain] INFO  o.s.b.a.l.ConditionEvaluationReportLogger - 

Error starting ApplicationContext. To display the condition evaluation report re-run your application with 'debug' enabled.
2024-12-29 19:30:09 [restartedMain] ERROR o.s.boot.SpringApplication - Application run failed
org.springframework.beans.factory.BeanCreationException: Error creating bean with name 'customUserDetailsService': Resolution of declared constructors on bean Class [com.domain.demo_backend.config.CustomUserDetailsService] from ClassLoader [org.springframework.boot.devtools.restart.classloader.RestartClassLoader@3f165ad7] failed
	at org.springframework.beans.factory.annotation.AutowiredAnnotationBeanPostProcessor.determineCandidateConstructors(AutowiredAnnotationBeanPostProcessor.java:367)
	at org.springframework.beans.factory.support.AbstractAutowireCapableBeanFactory.determineConstructorsFromBeanPostProcessors(AbstractAutowireCapableBeanFactory.java:1291)
	at org.springframework.beans.factory.support.AbstractAutowireCapableBeanFactory.createBeanInstance(AbstractAutowireCapableBeanFactory.java:1186)
	at org.springframework.beans.factory.support.AbstractAutowireCapableBeanFactory.doCreateBean(AbstractAutowireCapableBeanFactory.java:560)
	at org.springframework.beans.factory.support.AbstractAutowireCapableBeanFactory.createBean(AbstractAutowireCapableBeanFactory.java:520)
	at org.springframework.beans.factory.support.AbstractBeanFactory.lambda$doGetBean$0(AbstractBeanFactory.java:325)
	at org.springframework.beans.factory.support.DefaultSingletonBeanRegistry.getSingleton(DefaultSingletonBeanRegistry.java:234)
	at org.springframework.beans.factory.support.AbstractBeanFactory.doGetBean(AbstractBeanFactory.java:323)
	at org.springframework.beans.factory.support.AbstractBeanFactory.getBean(AbstractBeanFactory.java:199)
	at org.springframework.beans.factory.support.DefaultListableBeanFactory.preInstantiateSingletons(DefaultListableBeanFactory.java:973)
	at org.springframework.context.support.AbstractApplicationContext.finishBeanFactoryInitialization(AbstractApplicationContext.java:942)
	at org.springframework.context.support.AbstractApplicationContext.refresh(AbstractApplicationContext.java:608)
	at org.springframework.boot.web.servlet.context.ServletWebServerApplicationContext.refresh(ServletWebServerApplicationContext.java:146)
	at org.springframework.boot.SpringApplication.refresh(SpringApplication.java:737)
	at org.springframework.boot.SpringApplication.refreshContext(SpringApplication.java:439)
	at org.springframework.boot.SpringApplication.run(SpringApplication.java:315)
	at org.springframework.boot.SpringApplication.run(SpringApplication.java:1309)
	at org.springframework.boot.SpringApplication.run(SpringApplication.java:1298)
	at com.domain.demo_backend.DemoBackendApplication.main(DemoBackendApplication.java:12)
	at java.base/jdk.internal.reflect.NativeMethodAccessorImpl.invoke0(Native Method)
	at java.base/jdk.internal.reflect.NativeMethodAccessorImpl.invoke(NativeMethodAccessorImpl.java:77)
	at java.base/jdk.internal.reflect.DelegatingMethodAccessorImpl.invoke(DelegatingMethodAccessorImpl.java:43)
	at java.base/java.lang.reflect.Method.invoke(Method.java:568)
	at org.springframework.boot.devtools.restart.RestartLauncher.run(RestartLauncher.java:50)
Caused by: java.lang.NoClassDefFoundError: com/domain/demo_backend/mapper/UserMapper
	at java.base/java.lang.Class.getDeclaredConstructors0(Native Method)
	at java.base/java.lang.Class.privateGetDeclaredConstructors(Class.java:3373)
	at java.base/java.lang.Class.getDeclaredConstructors(Class.java:2555)
	at org.springframework.beans.factory.annotation.AutowiredAnnotationBeanPostProcessor.determineCandidateConstructors(AutowiredAnnotationBeanPostProcessor.java:362)
	... 23 common frames omitted
Caused by: java.lang.ClassNotFoundException: com.domain.demo_backend.mapper.UserMapper
	at java.base/jdk.internal.loader.BuiltinClassLoader.loadClass(BuiltinClassLoader.java:641)
	at java.base/jdk.internal.loader.ClassLoaders$AppClassLoader.loadClass(ClassLoaders.java:188)
	at java.base/java.lang.ClassLoader.loadClass(ClassLoader.java:525)
	at java.base/java.lang.Class.forName0(Native Method)
	at java.base/java.lang.Class.forName(Class.java:467)
	at org.springframework.boot.devtools.restart.classloader.RestartClassLoader.loadClass(RestartClassLoader.java:121)
	at java.base/java.lang.ClassLoader.loadClass(ClassLoader.java:525)
	... 27 common frames omitted
2024-12-29 19:30:32 [restartedMain] INFO  c.d.d.DemoBackendApplication - Starting DemoBackendApplication using Java 17.0.12 with PID 12724 (C:\Users\leeyu\OneDrive\바탕 화면\production\demo_backend started by Lee in C:\Users\leeyu\OneDrive\바탕 화면\포트폴리오\demo_spring_Vue\Ai-Diary-server)
2024-12-29 19:30:32 [restartedMain] INFO  c.d.d.DemoBackendApplication - No active profile set, falling back to 1 default profile: "default"
2024-12-29 19:30:33 [restartedMain] DEBUG o.m.s.mapper.ClassPathMapperScanner - Identified candidate component class: file [C:\Users\leeyu\OneDrive\바탕 화면\production\demo_backend\com\domain\demo_backend\mapper\DiaryMapper.class]
2024-12-29 19:30:33 [restartedMain] DEBUG o.m.s.mapper.ClassPathMapperScanner - Identified candidate component class: file [C:\Users\leeyu\OneDrive\바탕 화면\production\demo_backend\com\domain\demo_backend\mapper\UserMapper.class]
2024-12-29 19:30:33 [restartedMain] DEBUG o.m.s.mapper.ClassPathMapperScanner - Creating MapperFactoryBean with name 'diaryMapper' and 'com.domain.demo_backend.mapper.DiaryMapper' mapperInterface
2024-12-29 19:30:33 [restartedMain] DEBUG o.m.s.mapper.ClassPathMapperScanner - Enabling autowire by type for MapperFactoryBean with name 'diaryMapper'.
2024-12-29 19:30:33 [restartedMain] DEBUG o.m.s.mapper.ClassPathMapperScanner - Creating MapperFactoryBean with name 'userMapper' and 'com.domain.demo_backend.mapper.UserMapper' mapperInterface
2024-12-29 19:30:33 [restartedMain] DEBUG o.m.s.mapper.ClassPathMapperScanner - Enabling autowire by type for MapperFactoryBean with name 'userMapper'.
2024-12-29 19:30:33 [restartedMain] INFO  o.s.b.w.e.tomcat.TomcatWebServer - Tomcat initialized with port(s): 8080 (http)
2024-12-29 19:30:33 [restartedMain] INFO  o.a.coyote.http11.Http11NioProtocol - Initializing ProtocolHandler ["http-nio-8080"]
2024-12-29 19:30:33 [restartedMain] INFO  o.a.catalina.core.StandardService - Starting service [Tomcat]
2024-12-29 19:30:33 [restartedMain] INFO  o.a.catalina.core.StandardEngine - Starting Servlet engine: [Apache Tomcat/10.1.13]
2024-12-29 19:30:33 [restartedMain] INFO  o.a.c.c.C.[Tomcat-1].[localhost].[/] - Initializing Spring embedded WebApplicationContext
2024-12-29 19:30:33 [restartedMain] INFO  o.s.b.w.s.c.ServletWebServerApplicationContext - Root WebApplicationContext: initialization completed in 1461 ms
2024-12-29 19:30:33 [restartedMain] DEBUG o.m.spring.SqlSessionFactoryBean - Parsed mapper file: 'file [C:\Users\leeyu\OneDrive\바탕 화면\production\demo_backend\mappers\DiaryMapper.xml]'
2024-12-29 19:30:34 [restartedMain] DEBUG o.m.spring.SqlSessionFactoryBean - Parsed mapper file: 'file [C:\Users\leeyu\OneDrive\바탕 화면\production\demo_backend\mappers\UserMapper.xml]'
2024-12-29 19:30:34 [restartedMain] INFO  o.s.s.web.DefaultSecurityFilterChain - Will secure any request with [org.springframework.security.web.session.DisableEncodeUrlFilter@3e136bf4, org.springframework.security.web.context.request.async.WebAsyncManagerIntegrationFilter@5af72a57, org.springframework.security.web.context.SecurityContextHolderFilter@3569f5af, org.springframework.security.web.header.HeaderWriterFilter@24510f98, org.springframework.web.filter.CorsFilter@36ea67c7, org.springframework.security.web.authentication.logout.LogoutFilter@4df32b83, com.domain.demo_backend.util.JwtAuthenticationFilter@688e1f74, org.springframework.security.web.authentication.UsernamePasswordAuthenticationFilter@69b142a, org.springframework.security.web.savedrequest.RequestCacheAwareFilter@738c3cd4, org.springframework.security.web.servletapi.SecurityContextHolderAwareRequestFilter@9b478cf, org.springframework.security.web.authentication.AnonymousAuthenticationFilter@4d67955a, org.springframework.security.web.access.ExceptionTranslationFilter@76018872, org.springframework.security.web.access.intercept.AuthorizationFilter@3b8aef69]
2024-12-29 19:30:34 [restartedMain] INFO  o.s.b.d.a.OptionalLiveReloadServer - LiveReload server is running on port 35729
2024-12-29 19:30:34 [restartedMain] INFO  o.a.coyote.http11.Http11NioProtocol - Starting ProtocolHandler ["http-nio-8080"]
2024-12-29 19:30:34 [restartedMain] INFO  o.s.b.w.e.tomcat.TomcatWebServer - Tomcat started on port(s): 8080 (http) with context path ''
2024-12-29 19:30:34 [restartedMain] INFO  c.d.d.DemoBackendApplication - Started DemoBackendApplication in 2.562 seconds (process running for 1414.433)
2024-12-29 19:30:34 [restartedMain] INFO  o.s.b.d.a.ConditionEvaluationDeltaLoggingListener - Condition evaluation unchanged
