2024-12-26 22:28:12 [restartedMain] INFO  c.d.d.DemoBackendApplication - Starting DemoBackendApplication using Java 17.0.12 with PID 16672 (C:\Users\leeyu\OneDrive\바탕 화면\production\demo_backend started by Lee in C:\Users\leeyu\OneDrive\바탕 화면\포트폴리오\demo_spring_Vue\Ai-Diary-server)
2024-12-26 22:28:12 [restartedMain] INFO  c.d.d.DemoBackendApplication - No active profile set, falling back to 1 default profile: "default"
2024-12-26 22:28:13 [restartedMain] INFO  o.s.b.d.e.DevToolsPropertyDefaultsPostProcessor - Devtools property defaults active! Set 'spring.devtools.add-properties' to 'false' to disable
2024-12-26 22:28:13 [restartedMain] INFO  o.s.b.d.e.DevToolsPropertyDefaultsPostProcessor - For additional web related logging consider setting the 'logging.level.web' property to 'DEBUG'
2024-12-26 22:28:17 [restartedMain] DEBUG o.apache.ibatis.logging.LogFactory - Logging initialized using 'class org.apache.ibatis.logging.slf4j.Slf4jImpl' adapter.
2024-12-26 22:28:17 [restartedMain] DEBUG o.m.s.mapper.ClassPathMapperScanner - Identified candidate component class: file [C:\Users\leeyu\OneDrive\바탕 화면\production\demo_backend\com\domain\demo_backend\mapper\DiaryMapper.class]
2024-12-26 22:28:17 [restartedMain] DEBUG o.m.s.mapper.ClassPathMapperScanner - Identified candidate component class: file [C:\Users\leeyu\OneDrive\바탕 화면\production\demo_backend\com\domain\demo_backend\mapper\UserMapper.class]
2024-12-26 22:28:17 [restartedMain] DEBUG o.m.s.mapper.ClassPathMapperScanner - Creating MapperFactoryBean with name 'diaryMapper' and 'com.domain.demo_backend.mapper.DiaryMapper' mapperInterface
2024-12-26 22:28:17 [restartedMain] DEBUG o.m.s.mapper.ClassPathMapperScanner - Enabling autowire by type for MapperFactoryBean with name 'diaryMapper'.
2024-12-26 22:28:17 [restartedMain] DEBUG o.m.s.mapper.ClassPathMapperScanner - Creating MapperFactoryBean with name 'userMapper' and 'com.domain.demo_backend.mapper.UserMapper' mapperInterface
2024-12-26 22:28:17 [restartedMain] DEBUG o.m.s.mapper.ClassPathMapperScanner - Enabling autowire by type for MapperFactoryBean with name 'userMapper'.
2024-12-26 22:28:18 [restartedMain] INFO  o.s.b.w.e.tomcat.TomcatWebServer - Tomcat initialized with port(s): 8080 (http)
2024-12-26 22:28:18 [restartedMain] INFO  o.a.coyote.http11.Http11NioProtocol - Initializing ProtocolHandler ["http-nio-8080"]
2024-12-26 22:28:18 [restartedMain] INFO  o.a.catalina.core.StandardService - Starting service [Tomcat]
2024-12-26 22:28:18 [restartedMain] INFO  o.a.catalina.core.StandardEngine - Starting Servlet engine: [Apache Tomcat/10.1.13]
2024-12-26 22:28:18 [restartedMain] INFO  o.a.c.c.C.[Tomcat].[localhost].[/] - Initializing Spring embedded WebApplicationContext
2024-12-26 22:28:18 [restartedMain] INFO  o.s.b.w.s.c.ServletWebServerApplicationContext - Root WebApplicationContext: initialization completed in 5972 ms
2024-12-26 22:28:19 [restartedMain] DEBUG o.m.spring.SqlSessionFactoryBean - Parsed mapper file: 'file [C:\Users\leeyu\OneDrive\바탕 화면\production\demo_backend\mappers\DiaryMapper.xml]'
2024-12-26 22:28:19 [restartedMain] DEBUG o.m.spring.SqlSessionFactoryBean - Parsed mapper file: 'file [C:\Users\leeyu\OneDrive\바탕 화면\production\demo_backend\mappers\UserMapper.xml]'
2024-12-26 22:28:21 [restartedMain] INFO  o.s.s.web.DefaultSecurityFilterChain - Will secure any request with [org.springframework.security.web.session.DisableEncodeUrlFilter@b1b1c83, org.springframework.security.web.context.request.async.WebAsyncManagerIntegrationFilter@7c656887, org.springframework.security.web.context.SecurityContextHolderFilter@1028d96d, org.springframework.security.web.header.HeaderWriterFilter@7c79faf2, org.springframework.web.filter.CorsFilter@37ff096b, org.springframework.security.web.authentication.logout.LogoutFilter@3d7b43d7, com.domain.demo_backend.util.JwtAuthenticationFilter@636f820e, org.springframework.security.web.authentication.UsernamePasswordAuthenticationFilter@3d5553c, org.springframework.security.web.savedrequest.RequestCacheAwareFilter@c2637a6, org.springframework.security.web.servletapi.SecurityContextHolderAwareRequestFilter@784ed880, org.springframework.security.web.authentication.AnonymousAuthenticationFilter@30c375e4, org.springframework.security.web.access.ExceptionTranslationFilter@75669f0a, org.springframework.security.web.access.intercept.AuthorizationFilter@ae7beb7]
2024-12-26 22:28:22 [restartedMain] INFO  o.s.b.d.a.OptionalLiveReloadServer - LiveReload server is running on port 35729
2024-12-26 22:28:22 [restartedMain] INFO  o.a.coyote.http11.Http11NioProtocol - Starting ProtocolHandler ["http-nio-8080"]
2024-12-26 22:28:22 [restartedMain] INFO  o.s.b.w.e.tomcat.TomcatWebServer - Tomcat started on port(s): 8080 (http) with context path ''
2024-12-26 22:28:22 [restartedMain] INFO  c.d.d.DemoBackendApplication - Started DemoBackendApplication in 11.089 seconds (process running for 15.659)
2024-12-26 22:43:05 [File Watcher] INFO  o.s.b.d.a.LocalDevToolsAutoConfiguration$RestartingClassPathChangeChangedEventListener - Restarting due to 1 class path change (0 additions, 1 deletion, 0 modifications)
2024-12-26 22:43:05 [Thread-5] INFO  o.a.coyote.http11.Http11NioProtocol - Pausing ProtocolHandler ["http-nio-8080"]
2024-12-26 22:43:05 [Thread-5] INFO  o.a.catalina.core.StandardService - Stopping service [Tomcat]
2024-12-26 22:43:05 [Thread-5] INFO  o.a.coyote.http11.Http11NioProtocol - Stopping ProtocolHandler ["http-nio-8080"]
2024-12-26 22:43:05 [Thread-5] INFO  o.a.coyote.http11.Http11NioProtocol - Destroying ProtocolHandler ["http-nio-8080"]
2024-12-26 22:43:05 [restartedMain] INFO  c.d.d.DemoBackendApplication - Starting DemoBackendApplication using Java 17.0.12 with PID 16672 (C:\Users\leeyu\OneDrive\바탕 화면\production\demo_backend started by Lee in C:\Users\leeyu\OneDrive\바탕 화면\포트폴리오\demo_spring_Vue\Ai-Diary-server)
2024-12-26 22:43:05 [restartedMain] INFO  c.d.d.DemoBackendApplication - No active profile set, falling back to 1 default profile: "default"
2024-12-26 22:43:06 [restartedMain] DEBUG o.m.s.mapper.ClassPathMapperScanner - Identified candidate component class: file [C:\Users\leeyu\OneDrive\바탕 화면\production\demo_backend\com\domain\demo_backend\mapper\DiaryMapper.class]
2024-12-26 22:43:06 [restartedMain] DEBUG o.m.s.mapper.ClassPathMapperScanner - Identified candidate component class: file [C:\Users\leeyu\OneDrive\바탕 화면\production\demo_backend\com\domain\demo_backend\mapper\UserMapper.class]
2024-12-26 22:43:06 [restartedMain] DEBUG o.m.s.mapper.ClassPathMapperScanner - Creating MapperFactoryBean with name 'diaryMapper' and 'com.domain.demo_backend.mapper.DiaryMapper' mapperInterface
2024-12-26 22:43:06 [restartedMain] DEBUG o.m.s.mapper.ClassPathMapperScanner - Enabling autowire by type for MapperFactoryBean with name 'diaryMapper'.
2024-12-26 22:43:06 [restartedMain] DEBUG o.m.s.mapper.ClassPathMapperScanner - Creating MapperFactoryBean with name 'userMapper' and 'com.domain.demo_backend.mapper.UserMapper' mapperInterface
2024-12-26 22:43:06 [restartedMain] DEBUG o.m.s.mapper.ClassPathMapperScanner - Enabling autowire by type for MapperFactoryBean with name 'userMapper'.
2024-12-26 22:43:06 [restartedMain] INFO  o.s.b.w.e.tomcat.TomcatWebServer - Tomcat initialized with port(s): 8080 (http)
2024-12-26 22:43:06 [restartedMain] INFO  o.a.coyote.http11.Http11NioProtocol - Initializing ProtocolHandler ["http-nio-8080"]
2024-12-26 22:43:06 [restartedMain] INFO  o.a.catalina.core.StandardService - Starting service [Tomcat]
2024-12-26 22:43:06 [restartedMain] INFO  o.a.catalina.core.StandardEngine - Starting Servlet engine: [Apache Tomcat/10.1.13]
2024-12-26 22:43:06 [restartedMain] INFO  o.a.c.c.C.[Tomcat].[localhost].[/] - Initializing Spring embedded WebApplicationContext
2024-12-26 22:43:06 [restartedMain] INFO  o.s.b.w.s.c.ServletWebServerApplicationContext - Root WebApplicationContext: initialization completed in 773 ms
2024-12-26 22:43:06 [restartedMain] DEBUG o.m.spring.SqlSessionFactoryBean - Parsed mapper file: 'file [C:\Users\leeyu\OneDrive\바탕 화면\production\demo_backend\mappers\DiaryMapper.xml]'
2024-12-26 22:43:06 [restartedMain] DEBUG o.m.spring.SqlSessionFactoryBean - Parsed mapper file: 'file [C:\Users\leeyu\OneDrive\바탕 화면\production\demo_backend\mappers\UserMapper.xml]'
2024-12-26 22:43:07 [restartedMain] INFO  o.s.s.web.DefaultSecurityFilterChain - Will secure any request with [org.springframework.security.web.session.DisableEncodeUrlFilter@6abe2424, org.springframework.security.web.context.request.async.WebAsyncManagerIntegrationFilter@579420c8, org.springframework.security.web.context.SecurityContextHolderFilter@182c26b7, org.springframework.security.web.header.HeaderWriterFilter@577a28bc, org.springframework.web.filter.CorsFilter@67bbd97e, org.springframework.security.web.authentication.logout.LogoutFilter@4d8416a7, com.domain.demo_backend.util.JwtAuthenticationFilter@4e93ad83, org.springframework.security.web.authentication.UsernamePasswordAuthenticationFilter@5a8e61f3, org.springframework.security.web.savedrequest.RequestCacheAwareFilter@1553dc27, org.springframework.security.web.servletapi.SecurityContextHolderAwareRequestFilter@39643839, org.springframework.security.web.authentication.AnonymousAuthenticationFilter@55172f71, org.springframework.security.web.access.ExceptionTranslationFilter@1b5a5d9, org.springframework.security.web.access.intercept.AuthorizationFilter@457ebc38]
2024-12-26 22:43:07 [restartedMain] INFO  o.s.b.d.a.OptionalLiveReloadServer - LiveReload server is running on port 35729
2024-12-26 22:43:07 [restartedMain] INFO  o.a.coyote.http11.Http11NioProtocol - Starting ProtocolHandler ["http-nio-8080"]
2024-12-26 22:43:07 [restartedMain] INFO  o.s.b.w.e.tomcat.TomcatWebServer - Tomcat started on port(s): 8080 (http) with context path ''
2024-12-26 22:43:07 [restartedMain] INFO  c.d.d.DemoBackendApplication - Started DemoBackendApplication in 1.835 seconds (process running for 900.982)
2024-12-26 22:43:07 [restartedMain] INFO  o.s.b.d.a.ConditionEvaluationDeltaLoggingListener - Condition evaluation unchanged
2024-12-26 22:43:10 [File Watcher] INFO  o.s.b.d.a.LocalDevToolsAutoConfiguration$RestartingClassPathChangeChangedEventListener - Restarting due to 1 class path change (1 addition, 0 deletions, 0 modifications)
2024-12-26 22:43:10 [Thread-7] INFO  o.a.coyote.http11.Http11NioProtocol - Pausing ProtocolHandler ["http-nio-8080"]
2024-12-26 22:43:10 [Thread-7] INFO  o.a.catalina.core.StandardService - Stopping service [Tomcat]
2024-12-26 22:43:10 [Thread-7] INFO  o.a.coyote.http11.Http11NioProtocol - Stopping ProtocolHandler ["http-nio-8080"]
2024-12-26 22:43:10 [Thread-7] INFO  o.a.coyote.http11.Http11NioProtocol - Destroying ProtocolHandler ["http-nio-8080"]
2024-12-26 22:43:10 [restartedMain] INFO  c.d.d.DemoBackendApplication - Starting DemoBackendApplication using Java 17.0.12 with PID 16672 (C:\Users\leeyu\OneDrive\바탕 화면\production\demo_backend started by Lee in C:\Users\leeyu\OneDrive\바탕 화면\포트폴리오\demo_spring_Vue\Ai-Diary-server)
2024-12-26 22:43:10 [restartedMain] INFO  c.d.d.DemoBackendApplication - No active profile set, falling back to 1 default profile: "default"
2024-12-26 22:43:10 [restartedMain] DEBUG o.m.s.mapper.ClassPathMapperScanner - Identified candidate component class: file [C:\Users\leeyu\OneDrive\바탕 화면\production\demo_backend\com\domain\demo_backend\mapper\DiaryMapper.class]
2024-12-26 22:43:10 [restartedMain] DEBUG o.m.s.mapper.ClassPathMapperScanner - Identified candidate component class: file [C:\Users\leeyu\OneDrive\바탕 화면\production\demo_backend\com\domain\demo_backend\mapper\UserMapper.class]
2024-12-26 22:43:10 [restartedMain] DEBUG o.m.s.mapper.ClassPathMapperScanner - Creating MapperFactoryBean with name 'diaryMapper' and 'com.domain.demo_backend.mapper.DiaryMapper' mapperInterface
2024-12-26 22:43:10 [restartedMain] DEBUG o.m.s.mapper.ClassPathMapperScanner - Enabling autowire by type for MapperFactoryBean with name 'diaryMapper'.
2024-12-26 22:43:10 [restartedMain] DEBUG o.m.s.mapper.ClassPathMapperScanner - Creating MapperFactoryBean with name 'userMapper' and 'com.domain.demo_backend.mapper.UserMapper' mapperInterface
2024-12-26 22:43:10 [restartedMain] DEBUG o.m.s.mapper.ClassPathMapperScanner - Enabling autowire by type for MapperFactoryBean with name 'userMapper'.
2024-12-26 22:43:10 [restartedMain] INFO  o.s.b.w.e.tomcat.TomcatWebServer - Tomcat initialized with port(s): 8080 (http)
2024-12-26 22:43:10 [restartedMain] INFO  o.a.coyote.http11.Http11NioProtocol - Initializing ProtocolHandler ["http-nio-8080"]
2024-12-26 22:43:10 [restartedMain] INFO  o.a.catalina.core.StandardService - Starting service [Tomcat]
2024-12-26 22:43:10 [restartedMain] INFO  o.a.catalina.core.StandardEngine - Starting Servlet engine: [Apache Tomcat/10.1.13]
2024-12-26 22:43:10 [restartedMain] INFO  o.a.c.c.C.[Tomcat].[localhost].[/] - Initializing Spring embedded WebApplicationContext
2024-12-26 22:43:10 [restartedMain] INFO  o.s.b.w.s.c.ServletWebServerApplicationContext - Root WebApplicationContext: initialization completed in 663 ms
2024-12-26 22:43:10 [restartedMain] DEBUG o.m.spring.SqlSessionFactoryBean - Parsed mapper file: 'file [C:\Users\leeyu\OneDrive\바탕 화면\production\demo_backend\mappers\DiaryMapper.xml]'
2024-12-26 22:43:11 [restartedMain] DEBUG o.m.spring.SqlSessionFactoryBean - Parsed mapper file: 'file [C:\Users\leeyu\OneDrive\바탕 화면\production\demo_backend\mappers\UserMapper.xml]'
2024-12-26 22:43:11 [restartedMain] INFO  o.s.s.web.DefaultSecurityFilterChain - Will secure any request with [org.springframework.security.web.session.DisableEncodeUrlFilter@24ac0c3f, org.springframework.security.web.context.request.async.WebAsyncManagerIntegrationFilter@3e1cac81, org.springframework.security.web.context.SecurityContextHolderFilter@7947dec7, org.springframework.security.web.header.HeaderWriterFilter@4f8baf1a, org.springframework.web.filter.CorsFilter@6bc6f9f7, org.springframework.security.web.authentication.logout.LogoutFilter@31098768, com.domain.demo_backend.util.JwtAuthenticationFilter@2d761021, org.springframework.security.web.authentication.UsernamePasswordAuthenticationFilter@5963f2bc, org.springframework.security.web.savedrequest.RequestCacheAwareFilter@1bbdbb3f, org.springframework.security.web.servletapi.SecurityContextHolderAwareRequestFilter@641e4e60, org.springframework.security.web.authentication.AnonymousAuthenticationFilter@697f2c44, org.springframework.security.web.access.ExceptionTranslationFilter@1a8caa12, org.springframework.security.web.access.intercept.AuthorizationFilter@51608df8]
2024-12-26 22:43:11 [restartedMain] INFO  o.s.b.d.a.OptionalLiveReloadServer - LiveReload server is running on port 35729
2024-12-26 22:43:11 [restartedMain] INFO  o.a.coyote.http11.Http11NioProtocol - Starting ProtocolHandler ["http-nio-8080"]
2024-12-26 22:43:11 [restartedMain] INFO  o.s.b.w.e.tomcat.TomcatWebServer - Tomcat started on port(s): 8080 (http) with context path ''
2024-12-26 22:43:11 [restartedMain] INFO  c.d.d.DemoBackendApplication - Started DemoBackendApplication in 1.208 seconds (process running for 904.928)
2024-12-26 22:43:11 [restartedMain] INFO  o.s.b.d.a.ConditionEvaluationDeltaLoggingListener - Condition evaluation unchanged
2024-12-26 22:44:05 [File Watcher] INFO  o.s.b.d.a.LocalDevToolsAutoConfiguration$RestartingClassPathChangeChangedEventListener - Restarting due to 1 class path change (0 additions, 1 deletion, 0 modifications)
2024-12-26 22:44:05 [Thread-11] INFO  o.a.coyote.http11.Http11NioProtocol - Pausing ProtocolHandler ["http-nio-8080"]
2024-12-26 22:44:05 [Thread-11] INFO  o.a.catalina.core.StandardService - Stopping service [Tomcat]
2024-12-26 22:44:05 [Thread-11] INFO  o.a.coyote.http11.Http11NioProtocol - Stopping ProtocolHandler ["http-nio-8080"]
2024-12-26 22:44:05 [Thread-11] INFO  o.a.coyote.http11.Http11NioProtocol - Destroying ProtocolHandler ["http-nio-8080"]
2024-12-26 22:44:05 [restartedMain] INFO  c.d.d.DemoBackendApplication - Starting DemoBackendApplication using Java 17.0.12 with PID 16672 (C:\Users\leeyu\OneDrive\바탕 화면\production\demo_backend started by Lee in C:\Users\leeyu\OneDrive\바탕 화면\포트폴리오\demo_spring_Vue\Ai-Diary-server)
2024-12-26 22:44:05 [restartedMain] INFO  c.d.d.DemoBackendApplication - No active profile set, falling back to 1 default profile: "default"
2024-12-26 22:44:06 [restartedMain] DEBUG o.m.s.mapper.ClassPathMapperScanner - Identified candidate component class: file [C:\Users\leeyu\OneDrive\바탕 화면\production\demo_backend\com\domain\demo_backend\mapper\DiaryMapper.class]
2024-12-26 22:44:06 [restartedMain] DEBUG o.m.s.mapper.ClassPathMapperScanner - Identified candidate component class: file [C:\Users\leeyu\OneDrive\바탕 화면\production\demo_backend\com\domain\demo_backend\mapper\UserMapper.class]
2024-12-26 22:44:06 [restartedMain] DEBUG o.m.s.mapper.ClassPathMapperScanner - Creating MapperFactoryBean with name 'diaryMapper' and 'com.domain.demo_backend.mapper.DiaryMapper' mapperInterface
2024-12-26 22:44:06 [restartedMain] DEBUG o.m.s.mapper.ClassPathMapperScanner - Enabling autowire by type for MapperFactoryBean with name 'diaryMapper'.
2024-12-26 22:44:06 [restartedMain] DEBUG o.m.s.mapper.ClassPathMapperScanner - Creating MapperFactoryBean with name 'userMapper' and 'com.domain.demo_backend.mapper.UserMapper' mapperInterface
2024-12-26 22:44:06 [restartedMain] DEBUG o.m.s.mapper.ClassPathMapperScanner - Enabling autowire by type for MapperFactoryBean with name 'userMapper'.
2024-12-26 22:44:07 [restartedMain] INFO  o.s.b.w.e.tomcat.TomcatWebServer - Tomcat initialized with port(s): 8080 (http)
2024-12-26 22:44:07 [restartedMain] INFO  o.a.coyote.http11.Http11NioProtocol - Initializing ProtocolHandler ["http-nio-8080"]
2024-12-26 22:44:07 [restartedMain] INFO  o.a.catalina.core.StandardService - Starting service [Tomcat]
2024-12-26 22:44:07 [restartedMain] INFO  o.a.catalina.core.StandardEngine - Starting Servlet engine: [Apache Tomcat/10.1.13]
2024-12-26 22:44:07 [restartedMain] INFO  o.a.c.c.C.[Tomcat].[localhost].[/] - Initializing Spring embedded WebApplicationContext
2024-12-26 22:44:07 [restartedMain] INFO  o.s.b.w.s.c.ServletWebServerApplicationContext - Root WebApplicationContext: initialization completed in 1453 ms
2024-12-26 22:44:07 [restartedMain] DEBUG o.m.spring.SqlSessionFactoryBean - Parsed mapper file: 'file [C:\Users\leeyu\OneDrive\바탕 화면\production\demo_backend\mappers\DiaryMapper.xml]'
2024-12-26 22:44:07 [restartedMain] DEBUG o.m.spring.SqlSessionFactoryBean - Parsed mapper file: 'file [C:\Users\leeyu\OneDrive\바탕 화면\production\demo_backend\mappers\UserMapper.xml]'
2024-12-26 22:44:08 [restartedMain] INFO  o.s.s.web.DefaultSecurityFilterChain - Will secure any request with [org.springframework.security.web.session.DisableEncodeUrlFilter@542f81db, org.springframework.security.web.context.request.async.WebAsyncManagerIntegrationFilter@2111ad44, org.springframework.security.web.context.SecurityContextHolderFilter@36ac1212, org.springframework.security.web.header.HeaderWriterFilter@10a11eef, org.springframework.web.filter.CorsFilter@921c771, org.springframework.security.web.authentication.logout.LogoutFilter@b78b3e4, com.domain.demo_backend.util.JwtAuthenticationFilter@24bd613f, org.springframework.security.web.authentication.UsernamePasswordAuthenticationFilter@1a06e6ec, org.springframework.security.web.savedrequest.RequestCacheAwareFilter@221b5f7b, org.springframework.security.web.servletapi.SecurityContextHolderAwareRequestFilter@455c2ee4, org.springframework.security.web.authentication.AnonymousAuthenticationFilter@cb41d2a, org.springframework.security.web.access.ExceptionTranslationFilter@27c80d19, org.springframework.security.web.access.intercept.AuthorizationFilter@576ffee1]
2024-12-26 22:44:08 [restartedMain] INFO  o.s.b.d.a.OptionalLiveReloadServer - LiveReload server is running on port 35729
2024-12-26 22:44:08 [restartedMain] INFO  o.a.coyote.http11.Http11NioProtocol - Starting ProtocolHandler ["http-nio-8080"]
2024-12-26 22:44:08 [restartedMain] INFO  o.s.b.w.e.tomcat.TomcatWebServer - Tomcat started on port(s): 8080 (http) with context path ''
2024-12-26 22:44:08 [restartedMain] INFO  c.d.d.DemoBackendApplication - Started DemoBackendApplication in 3.008 seconds (process running for 962.213)
2024-12-26 22:44:08 [restartedMain] INFO  o.s.b.d.a.ConditionEvaluationDeltaLoggingListener - Condition evaluation unchanged
2024-12-26 22:44:14 [File Watcher] INFO  o.s.b.d.a.LocalDevToolsAutoConfiguration$RestartingClassPathChangeChangedEventListener - Restarting due to 1 class path change (1 addition, 0 deletions, 0 modifications)
2024-12-26 22:44:14 [Thread-15] INFO  o.a.coyote.http11.Http11NioProtocol - Pausing ProtocolHandler ["http-nio-8080"]
2024-12-26 22:44:14 [Thread-15] INFO  o.a.catalina.core.StandardService - Stopping service [Tomcat]
2024-12-26 22:44:14 [Thread-15] INFO  o.a.coyote.http11.Http11NioProtocol - Stopping ProtocolHandler ["http-nio-8080"]
2024-12-26 22:44:14 [Thread-15] INFO  o.a.coyote.http11.Http11NioProtocol - Destroying ProtocolHandler ["http-nio-8080"]
2024-12-26 22:44:14 [restartedMain] INFO  c.d.d.DemoBackendApplication - Starting DemoBackendApplication using Java 17.0.12 with PID 16672 (C:\Users\leeyu\OneDrive\바탕 화면\production\demo_backend started by Lee in C:\Users\leeyu\OneDrive\바탕 화면\포트폴리오\demo_spring_Vue\Ai-Diary-server)
2024-12-26 22:44:14 [restartedMain] INFO  c.d.d.DemoBackendApplication - No active profile set, falling back to 1 default profile: "default"
2024-12-26 22:44:15 [restartedMain] DEBUG o.m.s.mapper.ClassPathMapperScanner - Identified candidate component class: file [C:\Users\leeyu\OneDrive\바탕 화면\production\demo_backend\com\domain\demo_backend\mapper\DiaryMapper.class]
2024-12-26 22:44:15 [restartedMain] DEBUG o.m.s.mapper.ClassPathMapperScanner - Identified candidate component class: file [C:\Users\leeyu\OneDrive\바탕 화면\production\demo_backend\com\domain\demo_backend\mapper\UserMapper.class]
2024-12-26 22:44:15 [restartedMain] DEBUG o.m.s.mapper.ClassPathMapperScanner - Creating MapperFactoryBean with name 'diaryMapper' and 'com.domain.demo_backend.mapper.DiaryMapper' mapperInterface
2024-12-26 22:44:15 [restartedMain] DEBUG o.m.s.mapper.ClassPathMapperScanner - Enabling autowire by type for MapperFactoryBean with name 'diaryMapper'.
2024-12-26 22:44:15 [restartedMain] DEBUG o.m.s.mapper.ClassPathMapperScanner - Creating MapperFactoryBean with name 'userMapper' and 'com.domain.demo_backend.mapper.UserMapper' mapperInterface
2024-12-26 22:44:15 [restartedMain] DEBUG o.m.s.mapper.ClassPathMapperScanner - Enabling autowire by type for MapperFactoryBean with name 'userMapper'.
2024-12-26 22:44:15 [restartedMain] INFO  o.s.b.w.e.tomcat.TomcatWebServer - Tomcat initialized with port(s): 8080 (http)
2024-12-26 22:44:15 [restartedMain] INFO  o.a.coyote.http11.Http11NioProtocol - Initializing ProtocolHandler ["http-nio-8080"]
2024-12-26 22:44:15 [restartedMain] INFO  o.a.catalina.core.StandardService - Starting service [Tomcat]
2024-12-26 22:44:15 [restartedMain] INFO  o.a.catalina.core.StandardEngine - Starting Servlet engine: [Apache Tomcat/10.1.13]
2024-12-26 22:44:15 [restartedMain] INFO  o.a.c.c.C.[Tomcat].[localhost].[/] - Initializing Spring embedded WebApplicationContext
2024-12-26 22:44:15 [restartedMain] INFO  o.s.b.w.s.c.ServletWebServerApplicationContext - Root WebApplicationContext: initialization completed in 1592 ms
2024-12-26 22:44:16 [restartedMain] DEBUG o.m.spring.SqlSessionFactoryBean - Parsed mapper file: 'file [C:\Users\leeyu\OneDrive\바탕 화면\production\demo_backend\mappers\DiaryMapper.xml]'
2024-12-26 22:44:16 [restartedMain] DEBUG o.m.spring.SqlSessionFactoryBean - Parsed mapper file: 'file [C:\Users\leeyu\OneDrive\바탕 화면\production\demo_backend\mappers\UserMapper.xml]'
2024-12-26 22:44:16 [restartedMain] INFO  o.s.s.web.DefaultSecurityFilterChain - Will secure any request with [org.springframework.security.web.session.DisableEncodeUrlFilter@15a33beb, org.springframework.security.web.context.request.async.WebAsyncManagerIntegrationFilter@7ca913af, org.springframework.security.web.context.SecurityContextHolderFilter@6718054f, org.springframework.security.web.header.HeaderWriterFilter@37896502, org.springframework.web.filter.CorsFilter@51f7254e, org.springframework.security.web.authentication.logout.LogoutFilter@43cbbd95, com.domain.demo_backend.util.JwtAuthenticationFilter@af6adb0, org.springframework.security.web.authentication.UsernamePasswordAuthenticationFilter@b9a1818, org.springframework.security.web.savedrequest.RequestCacheAwareFilter@43232b9e, org.springframework.security.web.servletapi.SecurityContextHolderAwareRequestFilter@1883294b, org.springframework.security.web.authentication.AnonymousAuthenticationFilter@606b366, org.springframework.security.web.access.ExceptionTranslationFilter@70f571c0, org.springframework.security.web.access.intercept.AuthorizationFilter@18a6aaae]
2024-12-26 22:44:16 [restartedMain] INFO  o.s.b.d.a.OptionalLiveReloadServer - LiveReload server is running on port 35729
2024-12-26 22:44:16 [restartedMain] INFO  o.a.coyote.http11.Http11NioProtocol - Starting ProtocolHandler ["http-nio-8080"]
2024-12-26 22:44:16 [restartedMain] INFO  o.s.b.w.e.tomcat.TomcatWebServer - Tomcat started on port(s): 8080 (http) with context path ''
2024-12-26 22:44:16 [restartedMain] INFO  c.d.d.DemoBackendApplication - Started DemoBackendApplication in 2.675 seconds (process running for 970.39)
2024-12-26 22:44:16 [restartedMain] INFO  o.s.b.d.a.ConditionEvaluationDeltaLoggingListener - Condition evaluation unchanged
2024-12-26 22:44:28 [File Watcher] INFO  o.s.b.d.a.LocalDevToolsAutoConfiguration$RestartingClassPathChangeChangedEventListener - Restarting due to 1 class path change (0 additions, 1 deletion, 0 modifications)
2024-12-26 22:44:28 [Thread-19] INFO  o.a.coyote.http11.Http11NioProtocol - Pausing ProtocolHandler ["http-nio-8080"]
2024-12-26 22:44:28 [Thread-19] INFO  o.a.catalina.core.StandardService - Stopping service [Tomcat]
2024-12-26 22:44:28 [Thread-19] INFO  o.a.coyote.http11.Http11NioProtocol - Stopping ProtocolHandler ["http-nio-8080"]
2024-12-26 22:44:28 [Thread-19] INFO  o.a.coyote.http11.Http11NioProtocol - Destroying ProtocolHandler ["http-nio-8080"]
2024-12-26 22:44:28 [restartedMain] INFO  c.d.d.DemoBackendApplication - Starting DemoBackendApplication using Java 17.0.12 with PID 16672 (C:\Users\leeyu\OneDrive\바탕 화면\production\demo_backend started by Lee in C:\Users\leeyu\OneDrive\바탕 화면\포트폴리오\demo_spring_Vue\Ai-Diary-server)
2024-12-26 22:44:28 [restartedMain] INFO  c.d.d.DemoBackendApplication - No active profile set, falling back to 1 default profile: "default"
2024-12-26 22:44:29 [restartedMain] DEBUG o.m.s.mapper.ClassPathMapperScanner - Identified candidate component class: file [C:\Users\leeyu\OneDrive\바탕 화면\production\demo_backend\com\domain\demo_backend\mapper\DiaryMapper.class]
2024-12-26 22:44:29 [restartedMain] DEBUG o.m.s.mapper.ClassPathMapperScanner - Identified candidate component class: file [C:\Users\leeyu\OneDrive\바탕 화면\production\demo_backend\com\domain\demo_backend\mapper\UserMapper.class]
2024-12-26 22:44:29 [restartedMain] DEBUG o.m.s.mapper.ClassPathMapperScanner - Creating MapperFactoryBean with name 'diaryMapper' and 'com.domain.demo_backend.mapper.DiaryMapper' mapperInterface
2024-12-26 22:44:29 [restartedMain] DEBUG o.m.s.mapper.ClassPathMapperScanner - Enabling autowire by type for MapperFactoryBean with name 'diaryMapper'.
2024-12-26 22:44:29 [restartedMain] DEBUG o.m.s.mapper.ClassPathMapperScanner - Creating MapperFactoryBean with name 'userMapper' and 'com.domain.demo_backend.mapper.UserMapper' mapperInterface
2024-12-26 22:44:29 [restartedMain] DEBUG o.m.s.mapper.ClassPathMapperScanner - Enabling autowire by type for MapperFactoryBean with name 'userMapper'.
2024-12-26 22:44:29 [restartedMain] INFO  o.s.b.w.e.tomcat.TomcatWebServer - Tomcat initialized with port(s): 8080 (http)
2024-12-26 22:44:29 [restartedMain] INFO  o.a.coyote.http11.Http11NioProtocol - Initializing ProtocolHandler ["http-nio-8080"]
2024-12-26 22:44:29 [restartedMain] INFO  o.a.catalina.core.StandardService - Starting service [Tomcat]
2024-12-26 22:44:29 [restartedMain] INFO  o.a.catalina.core.StandardEngine - Starting Servlet engine: [Apache Tomcat/10.1.13]
2024-12-26 22:44:29 [restartedMain] INFO  o.a.c.c.C.[Tomcat].[localhost].[/] - Initializing Spring embedded WebApplicationContext
2024-12-26 22:44:29 [restartedMain] INFO  o.s.b.w.s.c.ServletWebServerApplicationContext - Root WebApplicationContext: initialization completed in 1180 ms
2024-12-26 22:44:29 [restartedMain] DEBUG o.m.spring.SqlSessionFactoryBean - Parsed mapper file: 'file [C:\Users\leeyu\OneDrive\바탕 화면\production\demo_backend\mappers\DiaryMapper.xml]'
2024-12-26 22:44:29 [restartedMain] DEBUG o.m.spring.SqlSessionFactoryBean - Parsed mapper file: 'file [C:\Users\leeyu\OneDrive\바탕 화면\production\demo_backend\mappers\UserMapper.xml]'
2024-12-26 22:44:30 [restartedMain] INFO  o.s.s.web.DefaultSecurityFilterChain - Will secure any request with [org.springframework.security.web.session.DisableEncodeUrlFilter@43cdd8, org.springframework.security.web.context.request.async.WebAsyncManagerIntegrationFilter@7c8e83ba, org.springframework.security.web.context.SecurityContextHolderFilter@2e27eb34, org.springframework.security.web.header.HeaderWriterFilter@5bf8b023, org.springframework.web.filter.CorsFilter@38cf73cf, org.springframework.security.web.authentication.logout.LogoutFilter@2b03320f, com.domain.demo_backend.util.JwtAuthenticationFilter@1a999a1d, org.springframework.security.web.authentication.UsernamePasswordAuthenticationFilter@32e202c1, org.springframework.security.web.savedrequest.RequestCacheAwareFilter@68ca2fad, org.springframework.security.web.servletapi.SecurityContextHolderAwareRequestFilter@248bc527, org.springframework.security.web.authentication.AnonymousAuthenticationFilter@42ab99b, org.springframework.security.web.access.ExceptionTranslationFilter@199aa2f9, org.springframework.security.web.access.intercept.AuthorizationFilter@68d59a0e]
2024-12-26 22:44:30 [restartedMain] INFO  o.s.b.d.a.OptionalLiveReloadServer - LiveReload server is running on port 35729
2024-12-26 22:44:30 [restartedMain] INFO  o.a.coyote.http11.Http11NioProtocol - Starting ProtocolHandler ["http-nio-8080"]
2024-12-26 22:44:30 [restartedMain] INFO  o.s.b.w.e.tomcat.TomcatWebServer - Tomcat started on port(s): 8080 (http) with context path ''
2024-12-26 22:44:30 [restartedMain] INFO  c.d.d.DemoBackendApplication - Started DemoBackendApplication in 2.016 seconds (process running for 984.087)
2024-12-26 22:44:30 [restartedMain] INFO  o.s.b.d.a.ConditionEvaluationDeltaLoggingListener - Condition evaluation unchanged
2024-12-26 22:44:33 [File Watcher] INFO  o.s.b.d.a.LocalDevToolsAutoConfiguration$RestartingClassPathChangeChangedEventListener - Restarting due to 1 class path change (1 addition, 0 deletions, 0 modifications)
2024-12-26 22:44:33 [Thread-23] INFO  o.a.coyote.http11.Http11NioProtocol - Pausing ProtocolHandler ["http-nio-8080"]
2024-12-26 22:44:33 [Thread-23] INFO  o.a.catalina.core.StandardService - Stopping service [Tomcat]
2024-12-26 22:44:33 [Thread-23] INFO  o.a.coyote.http11.Http11NioProtocol - Stopping ProtocolHandler ["http-nio-8080"]
2024-12-26 22:44:33 [Thread-23] INFO  o.a.coyote.http11.Http11NioProtocol - Destroying ProtocolHandler ["http-nio-8080"]
2024-12-26 22:44:33 [restartedMain] INFO  c.d.d.DemoBackendApplication - Starting DemoBackendApplication using Java 17.0.12 with PID 16672 (C:\Users\leeyu\OneDrive\바탕 화면\production\demo_backend started by Lee in C:\Users\leeyu\OneDrive\바탕 화면\포트폴리오\demo_spring_Vue\Ai-Diary-server)
2024-12-26 22:44:33 [restartedMain] INFO  c.d.d.DemoBackendApplication - No active profile set, falling back to 1 default profile: "default"
2024-12-26 22:44:34 [restartedMain] DEBUG o.m.s.mapper.ClassPathMapperScanner - Identified candidate component class: file [C:\Users\leeyu\OneDrive\바탕 화면\production\demo_backend\com\domain\demo_backend\mapper\DiaryMapper.class]
2024-12-26 22:44:34 [restartedMain] DEBUG o.m.s.mapper.ClassPathMapperScanner - Identified candidate component class: file [C:\Users\leeyu\OneDrive\바탕 화면\production\demo_backend\com\domain\demo_backend\mapper\UserMapper.class]
2024-12-26 22:44:34 [restartedMain] DEBUG o.m.s.mapper.ClassPathMapperScanner - Creating MapperFactoryBean with name 'diaryMapper' and 'com.domain.demo_backend.mapper.DiaryMapper' mapperInterface
2024-12-26 22:44:34 [restartedMain] DEBUG o.m.s.mapper.ClassPathMapperScanner - Enabling autowire by type for MapperFactoryBean with name 'diaryMapper'.
2024-12-26 22:44:34 [restartedMain] DEBUG o.m.s.mapper.ClassPathMapperScanner - Creating MapperFactoryBean with name 'userMapper' and 'com.domain.demo_backend.mapper.UserMapper' mapperInterface
2024-12-26 22:44:34 [restartedMain] DEBUG o.m.s.mapper.ClassPathMapperScanner - Enabling autowire by type for MapperFactoryBean with name 'userMapper'.
2024-12-26 22:44:34 [restartedMain] INFO  o.s.b.w.e.tomcat.TomcatWebServer - Tomcat initialized with port(s): 8080 (http)
2024-12-26 22:44:34 [restartedMain] INFO  o.a.coyote.http11.Http11NioProtocol - Initializing ProtocolHandler ["http-nio-8080"]
2024-12-26 22:44:34 [restartedMain] INFO  o.a.catalina.core.StandardService - Starting service [Tomcat]
2024-12-26 22:44:34 [restartedMain] INFO  o.a.catalina.core.StandardEngine - Starting Servlet engine: [Apache Tomcat/10.1.13]
2024-12-26 22:44:34 [restartedMain] INFO  o.a.c.c.C.[Tomcat].[localhost].[/] - Initializing Spring embedded WebApplicationContext
2024-12-26 22:44:34 [restartedMain] INFO  o.s.b.w.s.c.ServletWebServerApplicationContext - Root WebApplicationContext: initialization completed in 1460 ms
2024-12-26 22:44:35 [restartedMain] DEBUG o.m.spring.SqlSessionFactoryBean - Parsed mapper file: 'file [C:\Users\leeyu\OneDrive\바탕 화면\production\demo_backend\mappers\DiaryMapper.xml]'
2024-12-26 22:44:35 [restartedMain] DEBUG o.m.spring.SqlSessionFactoryBean - Parsed mapper file: 'file [C:\Users\leeyu\OneDrive\바탕 화면\production\demo_backend\mappers\UserMapper.xml]'
2024-12-26 22:44:35 [restartedMain] INFO  o.s.s.web.DefaultSecurityFilterChain - Will secure any request with [org.springframework.security.web.session.DisableEncodeUrlFilter@46fae005, org.springframework.security.web.context.request.async.WebAsyncManagerIntegrationFilter@6cdd08c5, org.springframework.security.web.context.SecurityContextHolderFilter@57d7238a, org.springframework.security.web.header.HeaderWriterFilter@557e99d1, org.springframework.web.filter.CorsFilter@221a6ebc, org.springframework.security.web.authentication.logout.LogoutFilter@2cef7e1e, com.domain.demo_backend.util.JwtAuthenticationFilter@20373ea7, org.springframework.security.web.authentication.UsernamePasswordAuthenticationFilter@113273b3, org.springframework.security.web.savedrequest.RequestCacheAwareFilter@4b0b42fb, org.springframework.security.web.servletapi.SecurityContextHolderAwareRequestFilter@635b7305, org.springframework.security.web.authentication.AnonymousAuthenticationFilter@31dc086c, org.springframework.security.web.access.ExceptionTranslationFilter@7dbaa84f, org.springframework.security.web.access.intercept.AuthorizationFilter@5197210]
2024-12-26 22:44:35 [restartedMain] INFO  o.s.b.d.a.OptionalLiveReloadServer - LiveReload server is running on port 35729
2024-12-26 22:44:35 [restartedMain] INFO  o.a.coyote.http11.Http11NioProtocol - Starting ProtocolHandler ["http-nio-8080"]
2024-12-26 22:44:35 [restartedMain] INFO  o.s.b.w.e.tomcat.TomcatWebServer - Tomcat started on port(s): 8080 (http) with context path ''
2024-12-26 22:44:35 [restartedMain] INFO  c.d.d.DemoBackendApplication - Started DemoBackendApplication in 2.573 seconds (process running for 989.48)
2024-12-26 22:44:35 [restartedMain] INFO  o.s.b.d.a.ConditionEvaluationDeltaLoggingListener - Condition evaluation unchanged
2024-12-26 22:49:54 [http-nio-8080-exec-1] INFO  o.a.c.c.C.[Tomcat].[localhost].[/] - Initializing Spring DispatcherServlet 'dispatcherServlet'
2024-12-26 22:49:54 [http-nio-8080-exec-1] INFO  o.s.web.servlet.DispatcherServlet - Initializing Servlet 'dispatcherServlet'
2024-12-26 22:49:54 [http-nio-8080-exec-1] INFO  o.s.web.servlet.DispatcherServlet - Completed initialization in 1 ms
2024-12-26 22:49:54 [http-nio-8080-exec-2] DEBUG o.s.jdbc.datasource.DataSourceUtils - Fetching JDBC Connection from DataSource
2024-12-26 22:49:54 [http-nio-8080-exec-2] INFO  com.zaxxer.hikari.HikariDataSource - HikariPool-1 - Starting...
2024-12-26 22:49:55 [http-nio-8080-exec-2] INFO  com.zaxxer.hikari.pool.HikariPool - HikariPool-1 - Added connection com.mysql.cj.jdbc.ConnectionImpl@77836a99
2024-12-26 22:49:55 [http-nio-8080-exec-2] INFO  com.zaxxer.hikari.HikariDataSource - HikariPool-1 - Start completed.
2024-12-26 23:13:37 [SpringApplicationShutdownHook] INFO  com.zaxxer.hikari.HikariDataSource - HikariPool-1 - Shutdown initiated...
2024-12-26 23:13:37 [SpringApplicationShutdownHook] INFO  com.zaxxer.hikari.HikariDataSource - HikariPool-1 - Shutdown completed.
